---------------------------
Running on mlcost-test2
Ubuntu 20.04.6 LTS x86_64
Python 3.12.3
Intel(R) Xeon(R) Platinum 8272CL CPU @ 2.60GHz
Memory: 15.57 GB
Start load: 80.75%
---------------------------
DATA PREPROCESSING SUMMARY
Original data: 7.205e+07 bytes


Discarded features: 0
Discarded rows for missing labels: 0
Trained numerical features: ['Elevation', 'Aspect', 'Slope', 'Horizontal_Distance_To_Hydrology', 'Vertical_Distance_To_Hydrology', 'Horizontal_Distance_To_Roadways', 'Hillshade_9am', 'Hillshade_Noon', 'Hillshade_3pm', 'Horizontal_Distance_To_Fire_Points']
Trained categorical features: ['Wilderness_Area1', 'Wilderness_Area2', 'Wilderness_Area3', 'Wilderness_Area4', 'Soil_Type1', 'Soil_Type2', 'Soil_Type3', 'Soil_Type4', 'Soil_Type5', 'Soil_Type6', 'Soil_Type7', 'Soil_Type8', 'Soil_Type9', 'Soil_Type10', 'Soil_Type11', 'Soil_Type12', 'Soil_Type13', 'Soil_Type14', 'Soil_Type15', 'Soil_Type16', 'Soil_Type17', 'Soil_Type18', 'Soil_Type19', 'Soil_Type20', 'Soil_Type21', 'Soil_Type22', 'Soil_Type23', 'Soil_Type24', 'Soil_Type25', 'Soil_Type26', 'Soil_Type27', 'Soil_Type28', 'Soil_Type29', 'Soil_Type30', 'Soil_Type31', 'Soil_Type32', 'Soil_Type33', 'Soil_Type34', 'Soil_Type35', 'Soil_Type36', 'Soil_Type37', 'Soil_Type38', 'Soil_Type39', 'Soil_Type40']

Removed rows from missing categorical values - Train: 0 , Test: 0
Final train set rows: 464809, test set rows: 116203

Target distribution:
          train      test
class                    
2      0.487923  0.486304
1      0.364401  0.365421
3      0.061371  0.062201
7      0.035257  0.035472
6      0.029954  0.029638
5      0.016342  0.016325
4      0.004750  0.004638
---------------------------
Linear
test_accuracy: 0.50
test_precision: 0.71
test_f1_score: 0.71
test_recall: 0.72
n_samples: 581012
fit_time: 136.40
Time: 2 min 16.4 s
Emissions: 314.61 mg (CO2-equivalents)
Energy consumed: 1.62 Wh
---------------------------
---------------------------
Running on mlcost-test2
Ubuntu 20.04.6 LTS x86_64
Python 3.12.3
Intel(R) Xeon(R) Platinum 8272CL CPU @ 2.60GHz
Memory: 15.57 GB
Start load: 85.75%
---------------------------
DATA PREPROCESSING SUMMARY
Original data: 7.205e+07 bytes


Discarded features: 0
Discarded rows for missing labels: 0
Trained numerical features: ['Elevation', 'Aspect', 'Slope', 'Horizontal_Distance_To_Hydrology', 'Vertical_Distance_To_Hydrology', 'Horizontal_Distance_To_Roadways', 'Hillshade_9am', 'Hillshade_Noon', 'Hillshade_3pm', 'Horizontal_Distance_To_Fire_Points']
Trained categorical features: ['Wilderness_Area1', 'Wilderness_Area2', 'Wilderness_Area3', 'Wilderness_Area4', 'Soil_Type1', 'Soil_Type2', 'Soil_Type3', 'Soil_Type4', 'Soil_Type5', 'Soil_Type6', 'Soil_Type7', 'Soil_Type8', 'Soil_Type9', 'Soil_Type10', 'Soil_Type11', 'Soil_Type12', 'Soil_Type13', 'Soil_Type14', 'Soil_Type15', 'Soil_Type16', 'Soil_Type17', 'Soil_Type18', 'Soil_Type19', 'Soil_Type20', 'Soil_Type21', 'Soil_Type22', 'Soil_Type23', 'Soil_Type24', 'Soil_Type25', 'Soil_Type26', 'Soil_Type27', 'Soil_Type28', 'Soil_Type29', 'Soil_Type30', 'Soil_Type31', 'Soil_Type32', 'Soil_Type33', 'Soil_Type34', 'Soil_Type35', 'Soil_Type36', 'Soil_Type37', 'Soil_Type38', 'Soil_Type39', 'Soil_Type40']

Removed rows from missing categorical values - Train: 0 , Test: 0
Final train set rows: 464809, test set rows: 116203

Target distribution:
          train      test
class                    
2      0.487923  0.486304
1      0.364401  0.365421
3      0.061371  0.062201
7      0.035257  0.035472
6      0.029954  0.029638
5      0.016342  0.016325
4      0.004750  0.004638
---------------------------
Forest
test_accuracy: 0.90
test_precision: 0.95
test_f1_score: 0.95
test_recall: 0.95
n_samples: 581012
fit_time: 117.27
Time: 1 min 57.27 s
Emissions: 272.36 mg (CO2-equivalents)
Energy consumed: 1.40 Wh
---------------------------
---------------------------
Running on mlcost-test2
Ubuntu 20.04.6 LTS x86_64
Python 3.12.3
Intel(R) Xeon(R) Platinum 8272CL CPU @ 2.60GHz
Memory: 15.57 GB
Start load: 32.50%
---------------------------
DATA PREPROCESSING SUMMARY
Original data: 7.205e+07 bytes


Discarded features: 0
Discarded rows for missing labels: 0
Trained numerical features: ['Elevation', 'Aspect', 'Slope', 'Horizontal_Distance_To_Hydrology', 'Vertical_Distance_To_Hydrology', 'Horizontal_Distance_To_Roadways', 'Hillshade_9am', 'Hillshade_Noon', 'Hillshade_3pm', 'Horizontal_Distance_To_Fire_Points']
Trained categorical features: ['Wilderness_Area1', 'Wilderness_Area2', 'Wilderness_Area3', 'Wilderness_Area4', 'Soil_Type1', 'Soil_Type2', 'Soil_Type3', 'Soil_Type4', 'Soil_Type5', 'Soil_Type6', 'Soil_Type7', 'Soil_Type8', 'Soil_Type9', 'Soil_Type10', 'Soil_Type11', 'Soil_Type12', 'Soil_Type13', 'Soil_Type14', 'Soil_Type15', 'Soil_Type16', 'Soil_Type17', 'Soil_Type18', 'Soil_Type19', 'Soil_Type20', 'Soil_Type21', 'Soil_Type22', 'Soil_Type23', 'Soil_Type24', 'Soil_Type25', 'Soil_Type26', 'Soil_Type27', 'Soil_Type28', 'Soil_Type29', 'Soil_Type30', 'Soil_Type31', 'Soil_Type32', 'Soil_Type33', 'Soil_Type34', 'Soil_Type35', 'Soil_Type36', 'Soil_Type37', 'Soil_Type38', 'Soil_Type39', 'Soil_Type40']

Removed rows from missing categorical values - Train: 0 , Test: 0
Final train set rows: 464809, test set rows: 116203

Target distribution:
          train      test
class                    
2      0.487923  0.486304
1      0.364401  0.365421
3      0.061371  0.062201
7      0.035257  0.035472
6      0.029954  0.029638
5      0.016342  0.016325
4      0.004750  0.004638
---------------------------
Neighbors
test_accuracy: 0.87
test_precision: 0.93
test_f1_score: 0.93
test_recall: 0.93
n_samples: 581012
fit_time: 178.64
Time: 2 min 58.64 s
Emissions: 411.72 mg (CO2-equivalents)
Energy consumed: 2.12 Wh
---------------------------
---------------------------
Running on mlcost-test2
Ubuntu 20.04.6 LTS x86_64
Python 3.12.3
Intel(R) Xeon(R) Platinum 8272CL CPU @ 2.60GHz
Memory: 15.57 GB
Start load: 47.25%
---------------------------
DATA PREPROCESSING SUMMARY
Original data: 7.205e+07 bytes


Discarded features: 0
Discarded rows for missing labels: 0
Trained numerical features: ['Elevation', 'Aspect', 'Slope', 'Horizontal_Distance_To_Hydrology', 'Vertical_Distance_To_Hydrology', 'Horizontal_Distance_To_Roadways', 'Hillshade_9am', 'Hillshade_Noon', 'Hillshade_3pm', 'Horizontal_Distance_To_Fire_Points']
Trained categorical features: ['Wilderness_Area1', 'Wilderness_Area2', 'Wilderness_Area3', 'Wilderness_Area4', 'Soil_Type1', 'Soil_Type2', 'Soil_Type3', 'Soil_Type4', 'Soil_Type5', 'Soil_Type6', 'Soil_Type7', 'Soil_Type8', 'Soil_Type9', 'Soil_Type10', 'Soil_Type11', 'Soil_Type12', 'Soil_Type13', 'Soil_Type14', 'Soil_Type15', 'Soil_Type16', 'Soil_Type17', 'Soil_Type18', 'Soil_Type19', 'Soil_Type20', 'Soil_Type21', 'Soil_Type22', 'Soil_Type23', 'Soil_Type24', 'Soil_Type25', 'Soil_Type26', 'Soil_Type27', 'Soil_Type28', 'Soil_Type29', 'Soil_Type30', 'Soil_Type31', 'Soil_Type32', 'Soil_Type33', 'Soil_Type34', 'Soil_Type35', 'Soil_Type36', 'Soil_Type37', 'Soil_Type38', 'Soil_Type39', 'Soil_Type40']

Removed rows from missing categorical values - Train: 0 , Test: 0
Final train set rows: 464809, test set rows: 116203

Target distribution:
          train      test
class                    
2      0.487923  0.486304
1      0.364401  0.365421
3      0.061371  0.062201
7      0.035257  0.035472
6      0.029954  0.029638
5      0.016342  0.016325
4      0.004750  0.004638
---------------------------
NaiveBayes
test_accuracy: 0.44
test_precision: 0.50
test_f1_score: 0.06
test_recall: 0.09
n_samples: 581012
fit_time: 1.90
Time: 1.905 s
Emissions: 4.39 mg (CO2-equivalents)
Energy consumed: 22.65 mWh
---------------------------
---------------------------
Running on mlcost-test2
Ubuntu 20.04.6 LTS x86_64
Python 3.12.3
Intel(R) Xeon(R) Platinum 8272CL CPU @ 2.60GHz
Memory: 15.57 GB
Start load: 42.25%
---------------------------
DATA PREPROCESSING SUMMARY
Original data: 7.205e+07 bytes


Discarded features: 0
Discarded rows for missing labels: 0
Trained numerical features: ['Elevation', 'Aspect', 'Slope', 'Horizontal_Distance_To_Hydrology', 'Vertical_Distance_To_Hydrology', 'Horizontal_Distance_To_Roadways', 'Hillshade_9am', 'Hillshade_Noon', 'Hillshade_3pm', 'Horizontal_Distance_To_Fire_Points']
Trained categorical features: ['Wilderness_Area1', 'Wilderness_Area2', 'Wilderness_Area3', 'Wilderness_Area4', 'Soil_Type1', 'Soil_Type2', 'Soil_Type3', 'Soil_Type4', 'Soil_Type5', 'Soil_Type6', 'Soil_Type7', 'Soil_Type8', 'Soil_Type9', 'Soil_Type10', 'Soil_Type11', 'Soil_Type12', 'Soil_Type13', 'Soil_Type14', 'Soil_Type15', 'Soil_Type16', 'Soil_Type17', 'Soil_Type18', 'Soil_Type19', 'Soil_Type20', 'Soil_Type21', 'Soil_Type22', 'Soil_Type23', 'Soil_Type24', 'Soil_Type25', 'Soil_Type26', 'Soil_Type27', 'Soil_Type28', 'Soil_Type29', 'Soil_Type30', 'Soil_Type31', 'Soil_Type32', 'Soil_Type33', 'Soil_Type34', 'Soil_Type35', 'Soil_Type36', 'Soil_Type37', 'Soil_Type38', 'Soil_Type39', 'Soil_Type40']

Removed rows from missing categorical values - Train: 0 , Test: 0
Final train set rows: 464809, test set rows: 116203

Target distribution:
          train      test
class                    
2      0.487923  0.486304
1      0.364401  0.365421
3      0.061371  0.062201
7      0.035257  0.035472
6      0.029954  0.029638
5      0.016342  0.016325
4      0.004750  0.004638
---------------------------
GradientBoost
test_accuracy: 0.65
test_precision: 0.77
test_f1_score: 0.77
test_recall: 0.78
n_samples: 581012
fit_time: 1823.33
Time: 30 min 23.33 s
Emissions: 4.21 g (CO2-equivalents)
Energy consumed: 21.72 Wh
---------------------------
