---------------------------
Running on mlcost-test2
Ubuntu 20.04.6 LTS x86_64
Python 3.12.3
Intel(R) Xeon(R) Platinum 8272CL CPU @ 2.60GHz
Memory: 15.57 GB
Start load: 19.25%
---------------------------
---------------------------
Running on mlcost-test2
Ubuntu 20.04.6 LTS x86_64
Python 3.12.3
Intel(R) Xeon(R) Platinum 8272CL CPU @ 2.60GHz
Memory: 15.57 GB
Start load: 17.75%
---------------------------
---------------------------
Running on mlcost-test2
Ubuntu 20.04.6 LTS x86_64
Python 3.12.3
Intel(R) Xeon(R) Platinum 8272CL CPU @ 2.60GHz
Memory: 15.57 GB
Start load: 13.75%
---------------------------
